# JRE version: Java(TM) SE Runtime Environment (8.0_241-b07) (build 1.8.0_241-b07)
# Java VM: Java HotSpot(TM) 64-Bit Server VM (25.241-b07 mixed mode windows-amd64 compressed oops)
Heap:
 PSYoungGen      total 854528K, used 787914K [0x0000000780000000, 0x00000007c0000000, 0x00000007c0000000)
  eden space 672768K, 100% used [0x0000000780000000,0x00000007a9100000,0x00000007a9100000)
  from space 181760K, 63% used [0x00000007b4b80000,0x00000007bbbf2870,0x00000007bfd00000)
  to   space 187904K, 8% used [0x00000007a9100000,0x00000007a9fec180,0x00000007b4880000)
 ParOldGen       total 1483776K, used 874749K [0x0000000700000000, 0x000000075a900000, 0x0000000780000000)
  object space 1483776K, 58% used [0x0000000700000000,0x000000073563f698,0x000000075a900000)
 Metaspace       used 201917K, capacity 213212K, committed 215756K, reserved 1236992K
  class space    used 25039K, capacity 27181K, committed 27608K, reserved 1048576K
GC Heap History (10 events):
Event: 9839.368 GC heap after
Heap after GC invocations=129 (full 8):
 PSYoungGen      total 861696K, used 50604K [0x0000000780000000, 0x00000007c0000000, 0x00000007c0000000)
  eden space 674816K, 0% used [0x0000000780000000,0x0000000780000000,0x00000007a9300000)
  from space 186880K, 27% used [0x00000007a9300000,0x00000007ac46b3c0,0x00000007b4980000)
  to   space 176640K, 0% used [0x00000007b5380000,0x00000007b5380000,0x00000007c0000000)
 ParOldGen       total 1098752K, used 945238K [0x0000000700000000, 0x0000000743100000, 0x0000000780000000)
  object space 1098752K, 86% used [0x0000000700000000,0x0000000739b15a30,0x0000000743100000)
 Metaspace       used 192772K, capacity 203368K, committed 203596K, reserved 1226752K
  class space    used 23795K, capacity 25844K, committed 25944K, reserved 1048576K
}
Event: 9845.876 GC heap before
{Heap before GC invocations=130 (full 8):
 PSYoungGen      total 861696K, used 724976K [0x0000000780000000, 0x00000007c0000000, 0x00000007c0000000)
  eden space 674816K, 99% used [0x0000000780000000,0x00000007a9290fe8,0x00000007a9300000)
  from space 186880K, 27% used [0x00000007a9300000,0x00000007ac46b3c0,0x00000007b4980000)
  to   space 176640K, 0% used [0x00000007b5380000,0x00000007b5380000,0x00000007c0000000)
 ParOldGen       total 1098752K, used 945238K [0x0000000700000000, 0x0000000743100000, 0x0000000780000000)
  object space 1098752K, 86% used [0x0000000700000000,0x0000000739b15a30,0x0000000743100000)
 Metaspace       used 193384K, capacity 204374K, committed 204492K, reserved 1228800K
  class space    used 23883K, capacity 25979K, committed 26072K, reserved 1048576K
Event: 9845.941 GC heap after
Heap after GC invocations=130 (full 8):
 PSYoungGen      total 845312K, used 128099K [0x0000000780000000, 0x00000007c0000000, 0x00000007c0000000)
  eden space 668672K, 0% used [0x0000000780000000,0x0000000780000000,0x00000007a8d00000)
  from space 176640K, 72% used [0x00000007b5380000,0x00000007bd098ec0,0x00000007c0000000)
  to   space 189952K, 0% used [0x00000007a8d00000,0x00000007a8d00000,0x00000007b4680000)
 ParOldGen       total 1098752K, used 985676K [0x0000000700000000, 0x0000000743100000, 0x0000000780000000)
  object space 1098752K, 89% used [0x0000000700000000,0x000000073c2933f0,0x0000000743100000)
 Metaspace       used 193384K, capacity 204374K, committed 204492K, reserved 1228800K
  class space    used 23883K, capacity 25979K, committed 26072K, reserved 1048576K
}
Event: 9849.091 GC heap before
{Heap before GC invocations=131 (full 8):
 PSYoungGen      total 845312K, used 796771K [0x0000000780000000, 0x00000007c0000000, 0x00000007c0000000)
  eden space 668672K, 100% used [0x0000000780000000,0x00000007a8d00000,0x00000007a8d00000)
  from space 176640K, 72% used [0x00000007b5380000,0x00000007bd098ec0,0x00000007c0000000)
  to   space 189952K, 0% used [0x00000007a8d00000,0x00000007a8d00000,0x00000007b4680000)
 ParOldGen       total 1098752K, used 985676K [0x0000000700000000, 0x0000000743100000, 0x0000000780000000)
  object space 1098752K, 89% used [0x0000000700000000,0x000000073c2933f0,0x0000000743100000)
 Metaspace       used 204086K, capacity 215722K, committed 215756K, reserved 1236992K
  class space    used 25366K, capacity 27591K, committed 27608K, reserved 1048576K
Event: 9849.213 GC heap after
Heap after GC invocations=131 (full 8):
 PSYoungGen      total 858624K, used 79044K [0x0000000780000000, 0x00000007bfd00000, 0x00000007c0000000)
  eden space 668672K, 0% used [0x0000000780000000,0x0000000780000000,0x00000007a8d00000)
  from space 189952K, 41% used [0x00000007a8d00000,0x00000007ada31100,0x00000007b4680000)
  to   space 181760K, 0% used [0x00000007b4b80000,0x00000007b4b80000,0x00000007bfd00000)
 ParOldGen       total 1105920K, used 1101933K [0x0000000700000000, 0x0000000743800000, 0x0000000780000000)
  object space 1105920K, 99% used [0x0000000700000000,0x000000074341b4e8,0x0000000743800000)
 Metaspace       used 204086K, capacity 215722K, committed 215756K, reserved 1236992K
  class space    used 25366K, capacity 27591K, committed 27608K, reserved 1048576K
}
Event: 9849.213 GC heap before
{Heap before GC invocations=132 (full 9):
 PSYoungGen      total 858624K, used 79044K [0x0000000780000000, 0x00000007bfd00000, 0x00000007c0000000)
  eden space 668672K, 0% used [0x0000000780000000,0x0000000780000000,0x00000007a8d00000)
  from space 189952K, 41% used [0x00000007a8d00000,0x00000007ada31100,0x00000007b4680000)
  to   space 181760K, 0% used [0x00000007b4b80000,0x00000007b4b80000,0x00000007bfd00000)
 ParOldGen       total 1105920K, used 1101933K [0x0000000700000000, 0x0000000743800000, 0x0000000780000000)
  object space 1105920K, 99% used [0x0000000700000000,0x000000074341b4e8,0x0000000743800000)
 Metaspace       used 204086K, capacity 215722K, committed 215756K, reserved 1236992K
  class space    used 25366K, capacity 27591K, committed 27608K, reserved 1048576K
Event: 9851.272 GC heap after
Heap after GC invocations=132 (full 9):
 PSYoungGen      total 858624K, used 0K [0x0000000780000000, 0x00000007bfd00000, 0x00000007c0000000)
  eden space 668672K, 0% used [0x0000000780000000,0x0000000780000000,0x00000007a8d00000)
  from space 189952K, 0% used [0x00000007a8d00000,0x00000007a8d00000,0x00000007b4680000)
  to   space 181760K, 0% used [0x00000007b4b80000,0x00000007b4b80000,0x00000007bfd00000)
 ParOldGen       total 1483776K, used 800450K [0x0000000700000000, 0x000000075a900000, 0x0000000780000000)
  object space 1483776K, 53% used [0x0000000700000000,0x0000000730db08b0,0x000000075a900000)
 Metaspace       used 201578K, capacity 212714K, committed 215756K, reserved 1236992K
  class space    used 25010K, capacity 27148K, committed 27608K, reserved 1048576K
}
Event: 9853.700 GC heap before
{Heap before GC invocations=133 (full 9):
 PSYoungGen      total 858624K, used 668672K [0x0000000780000000, 0x00000007bfd00000, 0x00000007c0000000)
  eden space 668672K, 100% used [0x0000000780000000,0x00000007a8d00000,0x00000007a8d00000)
  from space 189952K, 0% used [0x00000007a8d00000,0x00000007a8d00000,0x00000007b4680000)
  to   space 181760K, 0% used [0x00000007b4b80000,0x00000007b4b80000,0x00000007bfd00000)
 ParOldGen       total 1483776K, used 800450K [0x0000000700000000, 0x000000075a900000, 0x0000000780000000)
  object space 1483776K, 53% used [0x0000000700000000,0x0000000730db08b0,0x000000075a900000)
 Metaspace       used 201879K, capacity 213212K, committed 215756K, reserved 1236992K
  class space    used 25039K, capacity 27181K, committed 27608K, reserved 1048576K
Event: 9853.752 GC heap after
Heap after GC invocations=133 (full 9):
 PSYoungGen      total 854528K, used 115146K [0x0000000780000000, 0x00000007c0000000, 0x00000007c0000000)
  eden space 672768K, 0% used [0x0000000780000000,0x0000000780000000,0x00000007a9100000)
  from space 181760K, 63% used [0x00000007b4b80000,0x00000007bbbf2870,0x00000007bfd00000)
  to   space 187904K, 0% used [0x00000007a9100000,0x00000007a9100000,0x00000007b4880000)
 ParOldGen       total 1483776K, used 800458K [0x0000000700000000, 0x000000075a900000, 0x0000000780000000)
  object space 1483776K, 53% used [0x0000000700000000,0x0000000730db28b0,0x000000075a900000)
 Metaspace       used 201879K, capacity 213212K, committed 215756K, reserved 1236992K
  class space    used 25039K, capacity 27181K, committed 27608K, reserved 1048576K
}
Event: 9854.945 GC heap before
{Heap before GC invocations=134 (full 9):
 PSYoungGen      total 854528K, used 787914K [0x0000000780000000, 0x00000007c0000000, 0x00000007c0000000)
  eden space 672768K, 100% used [0x0000000780000000,0x00000007a9100000,0x00000007a9100000)
  from space 181760K, 63% used [0x00000007b4b80000,0x00000007bbbf2870,0x00000007bfd00000)
  to   space 187904K, 0% used [0x00000007a9100000,0x00000007a9100000,0x00000007b4880000)
 ParOldGen       total 1483776K, used 800458K [0x0000000700000000, 0x000000075a900000, 0x0000000780000000)
  object space 1483776K, 53% used [0x0000000700000000,0x0000000730db28b0,0x000000075a900000)
 Metaspace       used 201917K, capacity 213212K, committed 215756K, reserved 1236992K
  class space    used 25039K, capacity 27181K, committed 27608K, reserved 1048576K

